TN:
SF:patient-service.js
FN:14,(anonymous_0)
FN:23,(anonymous_1)
FN:31,(anonymous_2)
FN:37,(anonymous_3)
FN:47,(anonymous_4)
FN:66,(anonymous_5)
FN:82,(anonymous_6)
FN:89,(anonymous_7)
FN:94,(anonymous_8)
FN:96,(anonymous_9)
FNF:10
FNH:7
FNDA:1,(anonymous_0)
FNDA:1,(anonymous_1)
FNDA:2,(anonymous_2)
FNDA:3,(anonymous_3)
FNDA:2,(anonymous_4)
FNDA:1,(anonymous_5)
FNDA:1,(anonymous_6)
FNDA:0,(anonymous_7)
FNDA:0,(anonymous_8)
FNDA:0,(anonymous_9)
DA:1,1
DA:2,1
DA:3,1
DA:5,1
DA:6,1
DA:9,1
DA:10,1
DA:11,1
DA:14,1
DA:15,1
DA:23,1
DA:24,1
DA:31,1
DA:32,2
DA:33,2
DA:37,3
DA:39,2
DA:40,1
DA:43,1
DA:47,1
DA:48,2
DA:50,2
DA:51,1
DA:54,1
DA:62,1
DA:66,1
DA:67,1
DA:68,1
DA:70,1
DA:78,1
DA:82,1
DA:83,1
DA:84,1
DA:88,1
DA:89,0
DA:90,0
DA:94,0
DA:95,0
DA:96,0
DA:97,0
DA:102,1
LF:41
LH:35
BRDA:6,0,0,1
BRDA:6,0,1,1
BRDA:39,1,0,1
BRDA:39,1,1,1
BRDA:50,2,0,1
BRDA:50,2,1,1
BRDA:50,3,0,2
BRDA:50,3,1,2
BRDA:50,3,2,1
BRDA:72,4,0,1
BRDA:72,4,1,0
BRDA:73,5,0,1
BRDA:73,5,1,0
BRDA:74,6,0,1
BRDA:74,6,1,0
BRDA:88,7,0,0
BRDA:88,7,1,1
BRF:17
BRH:13
end_of_record
